<?xml version="1.0" encoding="UTF-8"?>
<testng-results ignored="0" total="1" passed="1" failed="0" skipped="0">
  <reporter-output>
  </reporter-output>
  <suite started-at="2022-07-20T13:14:02 AST" name="Default suite" finished-at="2022-07-20T13:15:22 AST" duration-ms="79718">
    <groups>
    </groups>
    <test started-at="2022-07-20T13:14:02 AST" name="Default test" finished-at="2022-07-20T13:15:22 AST" duration-ms="79718">
      <class name="com.ram.NavigatetoaWebsite">
        <test-method signature="chromePage()[pri:0, instance:com.ram.NavigatetoaWebsite@6f27a732]" started-at="2022-07-20T13:14:02 AST" name="chromePage" finished-at="2022-07-20T13:15:22 AST" duration-ms="79633" status="PASS">
          <reporter-output>
          </reporter-output>
        </test-method> <!-- chromePage -->
      </class> <!-- com.ram.NavigatetoaWebsite -->
    </test> <!-- Default test -->
  </suite> <!-- Default suite -->
</testng-results>
